[Default] [2024-07-03 12:43:14] [INFO] - STARTING APPLICATION
[ERC721 Contract API] [2024-07-03 12:43:25] [INFO] - Loading contract file from ./contracts.json...
[Default] [2024-07-03 12:43:14] [INFO] - BOOTSTRAPING APPLICATION
[ERC721 Contract API] [2024-07-03 12:43:25] [INFO] - Loading 1 contracts...
[ERC721 Contract API] [2024-07-03 12:43:25] [INFO] - Loaded 1 contracts successfully.
[ERC721 Contract API] [2024-07-03 12:43:25] [INFO] - INITIALIZING CONTROLLERS
[ERC721 Contract API] [2024-07-03 12:43:25] [INFO] - INITIALIZING SERVICES
[ERC721 Contract API] [2024-07-03 12:43:25] [INFO] - STARTING API EXPOSITION
[ERC721 Contract API] [2024-07-03 12:43:25] [INFO] - STARTING API
[ERC721 Contract API] [2024-07-03 12:43:25] [INFO] - Express server running on port 3000...
[Default] [2024-07-03 12:47:12] [INFO] - STARTING APPLICATION
[ERC721 Contract API] [2024-07-03 12:47:14] [INFO] - Loading contract file from ./contracts.json...
[Default] [2024-07-03 12:47:12] [INFO] - BOOTSTRAPING APPLICATION
[ERC721 Contract API] [2024-07-03 12:47:14] [INFO] - Loading 1 contracts...
[ERC721 Contract API] [2024-07-03 12:47:14] [INFO] - Loaded 1 contracts successfully.
[ERC721 Contract API] [2024-07-03 12:47:14] [INFO] - INITIALIZING CONTROLLERS
[ERC721 Contract API] [2024-07-03 12:47:14] [INFO] - INITIALIZING SERVICES
[ERC721 Contract API] [2024-07-03 12:47:14] [INFO] - STARTING API EXPOSITION
[ERC721 Contract API] [2024-07-03 12:47:14] [INFO] - STARTING API
[ERC721 Contract API] [2024-07-03 12:47:14] [INFO] - Express server running on port 3000...
[ERC721 Contract API] [2024-07-03 12:48:36] [INFO] - GET /tokens/0x00000000000000000000000
[Default] [2024-07-03 12:48:47] [INFO] - STARTING APPLICATION
[ERC721 Contract API] [2024-07-03 12:48:47] [INFO] - Loading contract file from ./contracts.json...
[Default] [2024-07-03 12:48:47] [INFO] - BOOTSTRAPING APPLICATION
[ERC721 Contract API] [2024-07-03 12:48:47] [INFO] - Loading 1 contracts...
[ERC721 Contract API] [2024-07-03 12:48:47] [INFO] - Loaded 1 contracts successfully.
[ERC721 Contract API] [2024-07-03 12:48:47] [INFO] - INITIALIZING CONTROLLERS
[ERC721 Contract API] [2024-07-03 12:48:47] [INFO] - INITIALIZING SERVICES
[ERC721 Contract API] [2024-07-03 12:48:47] [INFO] - STARTING API EXPOSITION
[ERC721 Contract API] [2024-07-03 12:48:47] [INFO] - STARTING API
[ERC721 Contract API] [2024-07-03 12:48:47] [INFO] - Express server running on port 3000...
[ERC721 Contract API] [2024-07-03 12:48:50] [INFO] - GET /tokens/0x00000000000000000000000
[ERC721 Contract API] [2024-07-03 12:48:50] [ERROR] - TypeError: invalid address (argument="address", value="", code=INVALID_ARGUMENT, version=6.12.1)
[ERC721 Contract API] [2024-07-03 12:49:13] [INFO] - GET /tokens/0x95C41E67ca59Abfc34582bf00825C3082b15ba31
[ERC721 Contract API] [2024-07-03 12:49:13] [ERROR] - TypeError: invalid address (argument="address", value="", code=INVALID_ARGUMENT, version=6.12.1)
[Default] [2024-07-03 12:50:15] [INFO] - STARTING APPLICATION
[ERC721 Contract API] [2024-07-03 12:50:15] [INFO] - Loading contract file from ./contracts.json...
[Default] [2024-07-03 12:50:15] [INFO] - BOOTSTRAPING APPLICATION
[ERC721 Contract API] [2024-07-03 12:50:15] [INFO] - Loading 1 contracts...
[ERC721 Contract API] [2024-07-03 12:50:15] [INFO] - Loaded 1 contracts successfully.
[ERC721 Contract API] [2024-07-03 12:50:15] [INFO] - INITIALIZING CONTROLLERS
[ERC721 Contract API] [2024-07-03 12:50:15] [INFO] - INITIALIZING SERVICES
[ERC721 Contract API] [2024-07-03 12:50:15] [INFO] - STARTING API EXPOSITION
[ERC721 Contract API] [2024-07-03 12:50:15] [INFO] - STARTING API
[ERC721 Contract API] [2024-07-03 12:50:15] [INFO] - Express server running on port 3000...
[ERC721 Contract API] [2024-07-03 12:50:17] [INFO] - GET /tokens/0x95C41E67ca59Abfc34582bf00825C3082b15ba31
[ERC721 Contract API] [2024-07-03 12:50:28] [ERROR] - TypeError: invalid address (argument="address", value="", code=INVALID_ARGUMENT, version=6.12.1)
[ERC721 Contract API] [2024-07-03 12:51:04] [INFO] - GET /tokens/0x95C41E67ca59Abfc34582bf00825C3082b15ba31
[ERC721 Contract API] [2024-07-03 12:51:30] [ERROR] - TypeError: invalid address (argument="address", value="", code=INVALID_ARGUMENT, version=6.12.1)
[ERC721 Contract API] [2024-07-03 12:51:33] [INFO] - GET /tokens/0x30341489Bd6620cfac4E1eB00355aBdF35ee8dFc
[ERC721 Contract API] [2024-07-03 12:51:34] [ERROR] - TypeError: invalid address (argument="address", value="", code=INVALID_ARGUMENT, version=6.12.1)
[ERC721 Contract API] [2024-07-03 12:52:48] [INFO] - GET /tokens/0x30341489Bd6620cfac4E1eB00355aBdF35ee8dFc
[ERC721 Contract API] [2024-07-03 12:53:01] [ERROR] - TypeError: invalid address (argument="address", value="", code=INVALID_ARGUMENT, version=6.12.1)
[Default] [2024-07-03 12:54:46] [INFO] - STARTING APPLICATION
[ERC721 Contract API] [2024-07-03 12:54:46] [INFO] - Loading contract file from ./contracts.json...
[Default] [2024-07-03 12:54:46] [INFO] - BOOTSTRAPING APPLICATION
[ERC721 Contract API] [2024-07-03 12:54:46] [INFO] - Loading 1 contracts...
[ERC721 Contract API] [2024-07-03 12:54:46] [INFO] - Loaded 1 contracts successfully.
[ERC721 Contract API] [2024-07-03 12:54:46] [INFO] - INITIALIZING CONTROLLERS
[ERC721 Contract API] [2024-07-03 12:54:46] [INFO] - INITIALIZING SERVICES
[ERC721 Contract API] [2024-07-03 12:54:46] [INFO] - STARTING API EXPOSITION
[ERC721 Contract API] [2024-07-03 12:54:46] [INFO] - STARTING API
[ERC721 Contract API] [2024-07-03 12:54:46] [INFO] - Express server running on port 3000...
[ERC721 Contract API] [2024-07-03 12:54:56] [INFO] - GET /tokens/0x30341489Bd6620cfac4E1eB00355aBdF35ee8dFc
[ERC721 Contract API] [2024-07-03 12:54:58] [ERROR] - Error: server response 403 Forbidden (request={  }, response={  }, error=null, info={ "requestUrl": "http://63.33.55.29", "responseBody": "<html>\r\n<head><title>403 Forbidden</title></head>\r\n<body>\r\n<center><h1>403 Forbidden</h1></center>\r\n<hr><center>nginx/1.24.0 (Ubuntu)</center>\r\n</body>\r\n</html>\r\n", "responseStatus": "403 Forbidden" }, code=SERVER_ERROR, version=6.12.1)
[Default] [2024-07-03 12:56:02] [INFO] - STARTING APPLICATION
[ERC721 Contract API] [2024-07-03 12:56:02] [INFO] - Loading contract file from ./contracts.json...
[Default] [2024-07-03 12:56:02] [INFO] - BOOTSTRAPING APPLICATION
[ERC721 Contract API] [2024-07-03 12:56:02] [INFO] - Loading 1 contracts...
[ERC721 Contract API] [2024-07-03 12:56:02] [INFO] - Loaded 1 contracts successfully.
[ERC721 Contract API] [2024-07-03 12:56:02] [INFO] - INITIALIZING CONTROLLERS
[ERC721 Contract API] [2024-07-03 12:56:02] [INFO] - INITIALIZING SERVICES
[ERC721 Contract API] [2024-07-03 12:56:05] [INFO] - STARTING API EXPOSITION
[ERC721 Contract API] [2024-07-03 12:56:05] [INFO] - STARTING API
[ERC721 Contract API] [2024-07-03 12:56:05] [INFO] - Express server running on port 3000...
[ERC721 Contract API] [2024-07-03 12:56:09] [INFO] - GET /tokens/0x30341489Bd6620cfac4E1eB00355aBdF35ee8dFc
